c:\users\grant\documents\soundscape\cpp_web_server\cpp_web_app\cpp_web_app\x64\debug\vc142.pdb
c:\users\grant\documents\soundscape\cpp_web_server\cpp_web_app\cpp_web_app\x64\debug\vc142.idb
c:\users\grant\documents\soundscape\cpp_web_server\cpp_web_app\cpp_web_app\x64\debug\winudprxmodule.obj
c:\users\grant\documents\soundscape\cpp_web_server\cpp_web_app\cpp_web_app\x64\debug\timechunk.obj
c:\users\grant\documents\soundscape\cpp_web_server\cpp_web_app\cpp_web_app\x64\debug\cpp_web_app.obj
c:\users\grant\documents\soundscape\cpp_web_server\cpp_web_app\cpp_web_app\x64\debug\basechunk.obj
c:\users\grant\documents\soundscape\cpp_web_server\cpp_web_app\cpp_web_app\x64\debug\basemodule.obj
c:\users\grant\documents\soundscape\cpp_web_server\cpp_web_app\x64\debug\cpp_web_app.pdb
c:\users\grant\documents\soundscape\cpp_web_server\cpp_web_app\cpp_web_app\x64\debug\cpp_web_app.tlog\cl.command.1.tlog
c:\users\grant\documents\soundscape\cpp_web_server\cpp_web_app\cpp_web_app\x64\debug\cpp_web_app.tlog\cl.read.1.tlog
c:\users\grant\documents\soundscape\cpp_web_server\cpp_web_app\cpp_web_app\x64\debug\cpp_web_app.tlog\cl.write.1.tlog
c:\users\grant\documents\soundscape\cpp_web_server\cpp_web_app\cpp_web_app\x64\debug\cpp_web_app.tlog\link-cvtres.read.1.tlog
c:\users\grant\documents\soundscape\cpp_web_server\cpp_web_app\cpp_web_app\x64\debug\cpp_web_app.tlog\link-cvtres.write.1.tlog
c:\users\grant\documents\soundscape\cpp_web_server\cpp_web_app\cpp_web_app\x64\debug\cpp_web_app.tlog\link-rc.read.1.tlog
c:\users\grant\documents\soundscape\cpp_web_server\cpp_web_app\cpp_web_app\x64\debug\cpp_web_app.tlog\link-rc.write.1.tlog
c:\users\grant\documents\soundscape\cpp_web_server\cpp_web_app\cpp_web_app\x64\debug\cpp_web_app.tlog\link.12180-cvtres.read.1.tlog
c:\users\grant\documents\soundscape\cpp_web_server\cpp_web_app\cpp_web_app\x64\debug\cpp_web_app.tlog\link.12180-cvtres.write.1.tlog
c:\users\grant\documents\soundscape\cpp_web_server\cpp_web_app\cpp_web_app\x64\debug\cpp_web_app.tlog\link.12180-rc.read.1.tlog
c:\users\grant\documents\soundscape\cpp_web_server\cpp_web_app\cpp_web_app\x64\debug\cpp_web_app.tlog\link.12180-rc.write.1.tlog
c:\users\grant\documents\soundscape\cpp_web_server\cpp_web_app\cpp_web_app\x64\debug\cpp_web_app.tlog\link.12180.read.1.tlog
c:\users\grant\documents\soundscape\cpp_web_server\cpp_web_app\cpp_web_app\x64\debug\cpp_web_app.tlog\link.12180.write.1.tlog
c:\users\grant\documents\soundscape\cpp_web_server\cpp_web_app\cpp_web_app\x64\debug\cpp_web_app.tlog\link.command.1.tlog
c:\users\grant\documents\soundscape\cpp_web_server\cpp_web_app\cpp_web_app\x64\debug\cpp_web_app.tlog\link.read.1.tlog
c:\users\grant\documents\soundscape\cpp_web_server\cpp_web_app\cpp_web_app\x64\debug\cpp_web_app.tlog\link.write.1.tlog
